0 info it worked if it ends with ok
1 verbose cli [ '/usr/bin/nodejs', '/usr/bin/npm', 'install', 'lodash@3.8.0' ]
2 info using npm@2.14.7
3 info using node@v4.2.2
4 verbose install initial load of /home/pablo/Downloads/1angular/iservifast/package.json
5 warn package.json test1@1.0.0 No repository field.
6 verbose installManyTop reading scoped package data from /home/pablo/Downloads/1angular/iservifast/node_modules/abbrev/package.json
7 verbose installManyTop reading scoped package data from /home/pablo/Downloads/1angular/iservifast/node_modules/accepts/package.json
8 verbose installManyTop reading scoped package data from /home/pablo/Downloads/1angular/iservifast/node_modules/acorn/package.json
9 verbose installManyTop reading scoped package data from /home/pablo/Downloads/1angular/iservifast/node_modules/after/package.json
10 verbose installManyTop reading scoped package data from /home/pablo/Downloads/1angular/iservifast/node_modules/align-text/package.json
11 verbose installManyTop reading scoped package data from /home/pablo/Downloads/1angular/iservifast/node_modules/alter/package.json
12 verbose installManyTop reading scoped package data from /home/pablo/Downloads/1angular/iservifast/node_modules/amdefine/package.json
13 verbose installManyTop reading scoped package data from /home/pablo/Downloads/1angular/iservifast/node_modules/angular-google-maps/package.json
14 verbose installManyTop reading scoped package data from /home/pablo/Downloads/1angular/iservifast/node_modules/ansi/package.json
15 verbose installManyTop reading scoped package data from /home/pablo/Downloads/1angular/iservifast/node_modules/ansi-green/package.json
16 verbose installManyTop reading scoped package data from /home/pablo/Downloads/1angular/iservifast/node_modules/ansi-regex/package.json
17 verbose installManyTop reading scoped package data from /home/pablo/Downloads/1angular/iservifast/node_modules/ansi-styles/package.json
18 verbose installManyTop reading scoped package data from /home/pablo/Downloads/1angular/iservifast/node_modules/ansi-wrap/package.json
19 verbose installManyTop reading scoped package data from /home/pablo/Downloads/1angular/iservifast/node_modules/archy/package.json
20 verbose installManyTop reading scoped package data from /home/pablo/Downloads/1angular/iservifast/node_modules/are-we-there-yet/package.json
21 verbose installManyTop reading scoped package data from /home/pablo/Downloads/1angular/iservifast/node_modules/arr-diff/package.json
22 verbose installManyTop reading scoped package data from /home/pablo/Downloads/1angular/iservifast/node_modules/arr-flatten/package.json
23 verbose installManyTop reading scoped package data from /home/pablo/Downloads/1angular/iservifast/node_modules/array-differ/package.json
24 verbose installManyTop reading scoped package data from /home/pablo/Downloads/1angular/iservifast/node_modules/array-index/package.json
25 verbose installManyTop reading scoped package data from /home/pablo/Downloads/1angular/iservifast/node_modules/array-union/package.json
26 verbose installManyTop reading scoped package data from /home/pablo/Downloads/1angular/iservifast/node_modules/array-uniq/package.json
27 verbose installManyTop reading scoped package data from /home/pablo/Downloads/1angular/iservifast/node_modules/array-unique/package.json
28 verbose installManyTop reading scoped package data from /home/pablo/Downloads/1angular/iservifast/node_modules/arraybuffer.slice/package.json
29 verbose installManyTop reading scoped package data from /home/pablo/Downloads/1angular/iservifast/node_modules/arrify/package.json
30 verbose installManyTop reading scoped package data from /home/pablo/Downloads/1angular/iservifast/node_modules/asn1/package.json
31 verbose installManyTop reading scoped package data from /home/pablo/Downloads/1angular/iservifast/node_modules/assert-plus/package.json
32 verbose installManyTop reading scoped package data from /home/pablo/Downloads/1angular/iservifast/node_modules/async/package.json
33 verbose installManyTop reading scoped package data from /home/pablo/Downloads/1angular/iservifast/node_modules/async-foreach/package.json
34 verbose installManyTop reading scoped package data from /home/pablo/Downloads/1angular/iservifast/node_modules/autoprefixer/package.json
35 verbose installManyTop reading scoped package data from /home/pablo/Downloads/1angular/iservifast/node_modules/aws-sign2/package.json
36 verbose installManyTop reading scoped package data from /home/pablo/Downloads/1angular/iservifast/node_modules/balanced-match/package.json
37 verbose installManyTop reading scoped package data from /home/pablo/Downloads/1angular/iservifast/node_modules/base64-arraybuffer/package.json
38 verbose installManyTop reading scoped package data from /home/pablo/Downloads/1angular/iservifast/node_modules/base64id/package.json
39 verbose installManyTop reading scoped package data from /home/pablo/Downloads/1angular/iservifast/node_modules/batch/package.json
40 verbose installManyTop reading scoped package data from /home/pablo/Downloads/1angular/iservifast/node_modules/beeper/package.json
41 verbose installManyTop reading scoped package data from /home/pablo/Downloads/1angular/iservifast/node_modules/better-assert/package.json
42 verbose installManyTop reading scoped package data from /home/pablo/Downloads/1angular/iservifast/node_modules/bl/package.json
43 verbose installManyTop reading scoped package data from /home/pablo/Downloads/1angular/iservifast/node_modules/blob/package.json
44 verbose installManyTop reading scoped package data from /home/pablo/Downloads/1angular/iservifast/node_modules/block-stream/package.json
45 verbose installManyTop reading scoped package data from /home/pablo/Downloads/1angular/iservifast/node_modules/boom/package.json
46 verbose installManyTop reading scoped package data from /home/pablo/Downloads/1angular/iservifast/node_modules/bower/package.json
47 verbose installManyTop reading scoped package data from /home/pablo/Downloads/1angular/iservifast/node_modules/bower-config/package.json
48 verbose installManyTop reading scoped package data from /home/pablo/Downloads/1angular/iservifast/node_modules/brace-expansion/package.json
49 verbose installManyTop reading scoped package data from /home/pablo/Downloads/1angular/iservifast/node_modules/braces/package.json
50 verbose installManyTop reading scoped package data from /home/pablo/Downloads/1angular/iservifast/node_modules/browserslist/package.json
51 verbose installManyTop reading scoped package data from /home/pablo/Downloads/1angular/iservifast/node_modules/bufferstreams/package.json
52 verbose installManyTop reading scoped package data from /home/pablo/Downloads/1angular/iservifast/node_modules/builtin-modules/package.json
53 verbose installManyTop reading scoped package data from /home/pablo/Downloads/1angular/iservifast/node_modules/callsite/package.json
54 verbose installManyTop reading scoped package data from /home/pablo/Downloads/1angular/iservifast/node_modules/camelcase/package.json
55 verbose installManyTop reading scoped package data from /home/pablo/Downloads/1angular/iservifast/node_modules/camelcase-keys/package.json
56 verbose installManyTop reading scoped package data from /home/pablo/Downloads/1angular/iservifast/node_modules/caniuse-db/package.json
57 verbose installManyTop reading scoped package data from /home/pablo/Downloads/1angular/iservifast/node_modules/caseless/package.json
58 verbose installManyTop reading scoped package data from /home/pablo/Downloads/1angular/iservifast/node_modules/center-align/package.json
59 verbose installManyTop reading scoped package data from /home/pablo/Downloads/1angular/iservifast/node_modules/chalk/package.json
60 verbose installManyTop reading scoped package data from /home/pablo/Downloads/1angular/iservifast/node_modules/clean-css/package.json
61 verbose installManyTop reading scoped package data from /home/pablo/Downloads/1angular/iservifast/node_modules/cliui/package.json
62 verbose installManyTop reading scoped package data from /home/pablo/Downloads/1angular/iservifast/node_modules/clone/package.json
63 verbose installManyTop reading scoped package data from /home/pablo/Downloads/1angular/iservifast/node_modules/clone-stats/package.json
64 verbose installManyTop reading scoped package data from /home/pablo/Downloads/1angular/iservifast/node_modules/code-point-at/package.json
65 verbose installManyTop reading scoped package data from /home/pablo/Downloads/1angular/iservifast/node_modules/combined-stream/package.json
66 verbose installManyTop reading scoped package data from /home/pablo/Downloads/1angular/iservifast/node_modules/commander/package.json
67 verbose installManyTop reading scoped package data from /home/pablo/Downloads/1angular/iservifast/node_modules/component-bind/package.json
68 verbose installManyTop reading scoped package data from /home/pablo/Downloads/1angular/iservifast/node_modules/component-emitter/package.json
69 verbose installManyTop reading scoped package data from /home/pablo/Downloads/1angular/iservifast/node_modules/component-inherit/package.json
70 verbose installManyTop reading scoped package data from /home/pablo/Downloads/1angular/iservifast/node_modules/concat-map/package.json
71 verbose installManyTop reading scoped package data from /home/pablo/Downloads/1angular/iservifast/node_modules/concat-stream/package.json
72 verbose installManyTop reading scoped package data from /home/pablo/Downloads/1angular/iservifast/node_modules/concat-with-sourcemaps/package.json
73 verbose installManyTop reading scoped package data from /home/pablo/Downloads/1angular/iservifast/node_modules/config-chain/package.json
74 verbose installManyTop reading scoped package data from /home/pablo/Downloads/1angular/iservifast/node_modules/connect/package.json
75 verbose installManyTop reading scoped package data from /home/pablo/Downloads/1angular/iservifast/node_modules/connect-inject/package.json
76 verbose installManyTop reading scoped package data from /home/pablo/Downloads/1angular/iservifast/node_modules/convert-source-map/package.json
77 verbose installManyTop reading scoped package data from /home/pablo/Downloads/1angular/iservifast/node_modules/core-util-is/package.json
78 verbose installManyTop reading scoped package data from /home/pablo/Downloads/1angular/iservifast/node_modules/cross-spawn/package.json
79 verbose installManyTop reading scoped package data from /home/pablo/Downloads/1angular/iservifast/node_modules/cross-spawn-async/package.json
80 verbose installManyTop reading scoped package data from /home/pablo/Downloads/1angular/iservifast/node_modules/cryptiles/package.json
81 verbose installManyTop reading scoped package data from /home/pablo/Downloads/1angular/iservifast/node_modules/dashdash/package.json
82 verbose installManyTop reading scoped package data from /home/pablo/Downloads/1angular/iservifast/node_modules/dateformat/package.json
83 verbose installManyTop reading scoped package data from /home/pablo/Downloads/1angular/iservifast/node_modules/deap/package.json
84 verbose installManyTop reading scoped package data from /home/pablo/Downloads/1angular/iservifast/node_modules/debug/package.json
85 verbose installManyTop reading scoped package data from /home/pablo/Downloads/1angular/iservifast/node_modules/decamelize/package.json
86 verbose installManyTop reading scoped package data from /home/pablo/Downloads/1angular/iservifast/node_modules/defaults/package.json
87 verbose installManyTop reading scoped package data from /home/pablo/Downloads/1angular/iservifast/node_modules/del/package.json
88 verbose installManyTop reading scoped package data from /home/pablo/Downloads/1angular/iservifast/node_modules/delayed-stream/package.json
89 verbose installManyTop reading scoped package data from /home/pablo/Downloads/1angular/iservifast/node_modules/delegates/package.json
90 verbose installManyTop reading scoped package data from /home/pablo/Downloads/1angular/iservifast/node_modules/depd/package.json
91 verbose installManyTop reading scoped package data from /home/pablo/Downloads/1angular/iservifast/node_modules/deprecated/package.json
92 verbose installManyTop reading scoped package data from /home/pablo/Downloads/1angular/iservifast/node_modules/destroy/package.json
93 verbose installManyTop reading scoped package data from /home/pablo/Downloads/1angular/iservifast/node_modules/duplexer/package.json
94 verbose installManyTop reading scoped package data from /home/pablo/Downloads/1angular/iservifast/node_modules/duplexer2/package.json
95 verbose installManyTop reading scoped package data from /home/pablo/Downloads/1angular/iservifast/node_modules/duplexify/package.json
96 verbose installManyTop reading scoped package data from /home/pablo/Downloads/1angular/iservifast/node_modules/ecc-jsbn/package.json
97 verbose installManyTop reading scoped package data from /home/pablo/Downloads/1angular/iservifast/node_modules/ee-first/package.json
98 verbose installManyTop reading scoped package data from /home/pablo/Downloads/1angular/iservifast/node_modules/emitter/package.json
99 verbose installManyTop reading scoped package data from /home/pablo/Downloads/1angular/iservifast/node_modules/end-of-stream/package.json
100 verbose installManyTop reading scoped package data from /home/pablo/Downloads/1angular/iservifast/node_modules/engine.io/package.json
101 verbose installManyTop reading scoped package data from /home/pablo/Downloads/1angular/iservifast/node_modules/engine.io-client/package.json
102 verbose installManyTop reading scoped package data from /home/pablo/Downloads/1angular/iservifast/node_modules/engine.io-parser/package.json
103 verbose installManyTop reading scoped package data from /home/pablo/Downloads/1angular/iservifast/node_modules/error-ex/package.json
104 verbose installManyTop reading scoped package data from /home/pablo/Downloads/1angular/iservifast/node_modules/es6-promise/package.json
105 verbose installManyTop reading scoped package data from /home/pablo/Downloads/1angular/iservifast/node_modules/escape-html/package.json
106 verbose installManyTop reading scoped package data from /home/pablo/Downloads/1angular/iservifast/node_modules/escape-string-regexp/package.json
107 verbose installManyTop reading scoped package data from /home/pablo/Downloads/1angular/iservifast/node_modules/event-stream/package.json
108 verbose installManyTop reading scoped package data from /home/pablo/Downloads/1angular/iservifast/node_modules/expand-brackets/package.json
109 verbose installManyTop reading scoped package data from /home/pablo/Downloads/1angular/iservifast/node_modules/expand-range/package.json
110 verbose installManyTop reading scoped package data from /home/pablo/Downloads/1angular/iservifast/node_modules/extend/package.json
111 verbose installManyTop reading scoped package data from /home/pablo/Downloads/1angular/iservifast/node_modules/extend-shallow/package.json
112 verbose installManyTop reading scoped package data from /home/pablo/Downloads/1angular/iservifast/node_modules/extglob/package.json
113 verbose installManyTop reading scoped package data from /home/pablo/Downloads/1angular/iservifast/node_modules/extsprintf/package.json
114 verbose installManyTop reading scoped package data from /home/pablo/Downloads/1angular/iservifast/node_modules/fancy-log/package.json
115 verbose installManyTop reading scoped package data from /home/pablo/Downloads/1angular/iservifast/node_modules/filename-regex/package.json
116 verbose installManyTop reading scoped package data from /home/pablo/Downloads/1angular/iservifast/node_modules/fill-range/package.json
117 verbose installManyTop reading scoped package data from /home/pablo/Downloads/1angular/iservifast/node_modules/finalhandler/package.json
118 verbose installManyTop reading scoped package data from /home/pablo/Downloads/1angular/iservifast/node_modules/find-index/package.json
119 verbose installManyTop reading scoped package data from /home/pablo/Downloads/1angular/iservifast/node_modules/find-up/package.json
120 verbose installManyTop reading scoped package data from /home/pablo/Downloads/1angular/iservifast/node_modules/findup-sync/package.json
121 verbose installManyTop reading scoped package data from /home/pablo/Downloads/1angular/iservifast/node_modules/first-chunk-stream/package.json
122 verbose installManyTop reading scoped package data from /home/pablo/Downloads/1angular/iservifast/node_modules/flagged-respawn/package.json
123 verbose installManyTop reading scoped package data from /home/pablo/Downloads/1angular/iservifast/node_modules/for-in/package.json
124 verbose installManyTop reading scoped package data from /home/pablo/Downloads/1angular/iservifast/node_modules/for-own/package.json
125 verbose installManyTop reading scoped package data from /home/pablo/Downloads/1angular/iservifast/node_modules/foreachasync/package.json
126 verbose installManyTop reading scoped package data from /home/pablo/Downloads/1angular/iservifast/node_modules/forever-agent/package.json
127 verbose installManyTop reading scoped package data from /home/pablo/Downloads/1angular/iservifast/node_modules/fork-stream/package.json
128 verbose installManyTop reading scoped package data from /home/pablo/Downloads/1angular/iservifast/node_modules/form-data/package.json
129 verbose installManyTop reading scoped package data from /home/pablo/Downloads/1angular/iservifast/node_modules/fresh/package.json
130 verbose installManyTop reading scoped package data from /home/pablo/Downloads/1angular/iservifast/node_modules/from/package.json
131 verbose installManyTop reading scoped package data from /home/pablo/Downloads/1angular/iservifast/node_modules/fstream/package.json
132 verbose installManyTop reading scoped package data from /home/pablo/Downloads/1angular/iservifast/node_modules/gauge/package.json
133 verbose installManyTop reading scoped package data from /home/pablo/Downloads/1angular/iservifast/node_modules/gaze/package.json
134 verbose installManyTop reading scoped package data from /home/pablo/Downloads/1angular/iservifast/node_modules/generate-function/package.json
135 verbose installManyTop reading scoped package data from /home/pablo/Downloads/1angular/iservifast/node_modules/generate-object-property/package.json
136 verbose installManyTop reading scoped package data from /home/pablo/Downloads/1angular/iservifast/node_modules/get-stdin/package.json
137 verbose installManyTop reading scoped package data from /home/pablo/Downloads/1angular/iservifast/node_modules/glob/package.json
138 verbose installManyTop reading scoped package data from /home/pablo/Downloads/1angular/iservifast/node_modules/glob-base/package.json
139 verbose installManyTop reading scoped package data from /home/pablo/Downloads/1angular/iservifast/node_modules/glob-parent/package.json
140 verbose installManyTop reading scoped package data from /home/pablo/Downloads/1angular/iservifast/node_modules/glob-stream/package.json
141 verbose installManyTop reading scoped package data from /home/pablo/Downloads/1angular/iservifast/node_modules/glob-watcher/package.json
142 verbose installManyTop reading scoped package data from /home/pablo/Downloads/1angular/iservifast/node_modules/glob2base/package.json
143 verbose installManyTop reading scoped package data from /home/pablo/Downloads/1angular/iservifast/node_modules/global/package.json
144 verbose installManyTop reading scoped package data from /home/pablo/Downloads/1angular/iservifast/node_modules/globby/package.json
145 verbose installManyTop reading scoped package data from /home/pablo/Downloads/1angular/iservifast/node_modules/globule/package.json
146 verbose installManyTop reading scoped package data from /home/pablo/Downloads/1angular/iservifast/node_modules/glogg/package.json
147 verbose installManyTop reading scoped package data from /home/pablo/Downloads/1angular/iservifast/node_modules/graceful-fs/package.json
148 verbose installManyTop reading scoped package data from /home/pablo/Downloads/1angular/iservifast/node_modules/graceful-readlink/package.json
149 verbose installManyTop reading scoped package data from /home/pablo/Downloads/1angular/iservifast/node_modules/gulp/package.json
150 verbose installManyTop reading scoped package data from /home/pablo/Downloads/1angular/iservifast/node_modules/gulp-autoprefixer/package.json
151 verbose installManyTop reading scoped package data from /home/pablo/Downloads/1angular/iservifast/node_modules/gulp-bower/package.json
152 verbose installManyTop reading scoped package data from /home/pablo/Downloads/1angular/iservifast/node_modules/gulp-clean/package.json
153 verbose installManyTop reading scoped package data from /home/pablo/Downloads/1angular/iservifast/node_modules/gulp-concat/package.json
154 verbose installManyTop reading scoped package data from /home/pablo/Downloads/1angular/iservifast/node_modules/gulp-if/package.json
155 verbose installManyTop reading scoped package data from /home/pablo/Downloads/1angular/iservifast/node_modules/gulp-inject/package.json
156 verbose installManyTop reading scoped package data from /home/pablo/Downloads/1angular/iservifast/node_modules/gulp-match/package.json
157 verbose installManyTop reading scoped package data from /home/pablo/Downloads/1angular/iservifast/node_modules/gulp-minify-css/package.json
158 verbose installManyTop reading scoped package data from /home/pablo/Downloads/1angular/iservifast/node_modules/gulp-ng-annotate/package.json
159 verbose installManyTop reading scoped package data from /home/pablo/Downloads/1angular/iservifast/node_modules/gulp-sass/package.json
160 verbose installManyTop reading scoped package data from /home/pablo/Downloads/1angular/iservifast/node_modules/gulp-server-livereload/package.json
161 verbose installManyTop reading scoped package data from /home/pablo/Downloads/1angular/iservifast/node_modules/gulp-sourcemaps/package.json
162 verbose installManyTop reading scoped package data from /home/pablo/Downloads/1angular/iservifast/node_modules/gulp-uglify/package.json
163 verbose installManyTop reading scoped package data from /home/pablo/Downloads/1angular/iservifast/node_modules/gulp-useref/package.json
164 verbose installManyTop reading scoped package data from /home/pablo/Downloads/1angular/iservifast/node_modules/gulp-util/package.json
165 verbose installManyTop reading scoped package data from /home/pablo/Downloads/1angular/iservifast/node_modules/gulplog/package.json
166 verbose installManyTop reading scoped package data from /home/pablo/Downloads/1angular/iservifast/node_modules/har-validator/package.json
167 verbose installManyTop reading scoped package data from /home/pablo/Downloads/1angular/iservifast/node_modules/has-ansi/package.json
168 verbose installManyTop reading scoped package data from /home/pablo/Downloads/1angular/iservifast/node_modules/has-binary-data/package.json
169 verbose installManyTop reading scoped package data from /home/pablo/Downloads/1angular/iservifast/node_modules/has-cors/package.json
170 verbose installManyTop reading scoped package data from /home/pablo/Downloads/1angular/iservifast/node_modules/has-flag/package.json
171 verbose installManyTop reading scoped package data from /home/pablo/Downloads/1angular/iservifast/node_modules/has-gulplog/package.json
172 verbose installManyTop reading scoped package data from /home/pablo/Downloads/1angular/iservifast/node_modules/has-unicode/package.json
173 verbose installManyTop reading scoped package data from /home/pablo/Downloads/1angular/iservifast/node_modules/hawk/package.json
174 verbose installManyTop reading scoped package data from /home/pablo/Downloads/1angular/iservifast/node_modules/hoek/package.json
175 verbose installManyTop reading scoped package data from /home/pablo/Downloads/1angular/iservifast/node_modules/hosted-git-info/package.json
176 verbose installManyTop reading scoped package data from /home/pablo/Downloads/1angular/iservifast/node_modules/http-signature/package.json
177 verbose installManyTop reading scoped package data from /home/pablo/Downloads/1angular/iservifast/node_modules/indent-string/package.json
178 verbose installManyTop reading scoped package data from /home/pablo/Downloads/1angular/iservifast/node_modules/indexof/package.json
179 verbose installManyTop reading scoped package data from /home/pablo/Downloads/1angular/iservifast/node_modules/inflight/package.json
180 verbose installManyTop reading scoped package data from /home/pablo/Downloads/1angular/iservifast/node_modules/inherits/package.json
181 verbose installManyTop reading scoped package data from /home/pablo/Downloads/1angular/iservifast/node_modules/ini/package.json
182 verbose installManyTop reading scoped package data from /home/pablo/Downloads/1angular/iservifast/node_modules/interpret/package.json
183 verbose installManyTop reading scoped package data from /home/pablo/Downloads/1angular/iservifast/node_modules/invert-kv/package.json
184 verbose installManyTop reading scoped package data from /home/pablo/Downloads/1angular/iservifast/node_modules/is/package.json
185 verbose installManyTop reading scoped package data from /home/pablo/Downloads/1angular/iservifast/node_modules/is-absolute/package.json
186 verbose installManyTop reading scoped package data from /home/pablo/Downloads/1angular/iservifast/node_modules/is-absolute-url/package.json
187 verbose installManyTop reading scoped package data from /home/pablo/Downloads/1angular/iservifast/node_modules/is-arrayish/package.json
188 verbose installManyTop reading scoped package data from /home/pablo/Downloads/1angular/iservifast/node_modules/is-buffer/package.json
189 verbose installManyTop reading scoped package data from /home/pablo/Downloads/1angular/iservifast/node_modules/is-builtin-module/package.json
190 verbose installManyTop reading scoped package data from /home/pablo/Downloads/1angular/iservifast/node_modules/is-dotfile/package.json
191 verbose installManyTop reading scoped package data from /home/pablo/Downloads/1angular/iservifast/node_modules/is-equal-shallow/package.json
192 verbose installManyTop reading scoped package data from /home/pablo/Downloads/1angular/iservifast/node_modules/is-extendable/package.json
193 verbose installManyTop reading scoped package data from /home/pablo/Downloads/1angular/iservifast/node_modules/is-extglob/package.json
194 verbose installManyTop reading scoped package data from /home/pablo/Downloads/1angular/iservifast/node_modules/is-finite/package.json
195 verbose installManyTop reading scoped package data from /home/pablo/Downloads/1angular/iservifast/node_modules/is-fullwidth-code-point/package.json
196 verbose installManyTop reading scoped package data from /home/pablo/Downloads/1angular/iservifast/node_modules/is-glob/package.json
197 verbose installManyTop reading scoped package data from /home/pablo/Downloads/1angular/iservifast/node_modules/is-my-json-valid/package.json
198 verbose installManyTop reading scoped package data from /home/pablo/Downloads/1angular/iservifast/node_modules/is-number/package.json
199 verbose installManyTop reading scoped package data from /home/pablo/Downloads/1angular/iservifast/node_modules/is-path-cwd/package.json
200 verbose installManyTop reading scoped package data from /home/pablo/Downloads/1angular/iservifast/node_modules/is-path-in-cwd/package.json
201 verbose installManyTop reading scoped package data from /home/pablo/Downloads/1angular/iservifast/node_modules/is-path-inside/package.json
202 verbose installManyTop reading scoped package data from /home/pablo/Downloads/1angular/iservifast/node_modules/is-primitive/package.json
203 verbose installManyTop reading scoped package data from /home/pablo/Downloads/1angular/iservifast/node_modules/is-property/package.json
204 verbose installManyTop reading scoped package data from /home/pablo/Downloads/1angular/iservifast/node_modules/is-relative/package.json
205 verbose installManyTop reading scoped package data from /home/pablo/Downloads/1angular/iservifast/node_modules/is-relative-url/package.json
206 verbose installManyTop reading scoped package data from /home/pablo/Downloads/1angular/iservifast/node_modules/is-stream/package.json
207 verbose installManyTop reading scoped package data from /home/pablo/Downloads/1angular/iservifast/node_modules/is-typedarray/package.json
208 verbose installManyTop reading scoped package data from /home/pablo/Downloads/1angular/iservifast/node_modules/is-utf8/package.json
209 verbose installManyTop reading scoped package data from /home/pablo/Downloads/1angular/iservifast/node_modules/is-valid-glob/package.json
210 verbose installManyTop reading scoped package data from /home/pablo/Downloads/1angular/iservifast/node_modules/isarray/package.json
211 verbose installManyTop reading scoped package data from /home/pablo/Downloads/1angular/iservifast/node_modules/isobject/package.json
212 verbose installManyTop reading scoped package data from /home/pablo/Downloads/1angular/iservifast/node_modules/isstream/package.json
213 verbose installManyTop reading scoped package data from /home/pablo/Downloads/1angular/iservifast/node_modules/jodid25519/package.json
214 verbose installManyTop reading scoped package data from /home/pablo/Downloads/1angular/iservifast/node_modules/js-base64/package.json
215 verbose installManyTop reading scoped package data from /home/pablo/Downloads/1angular/iservifast/node_modules/jsbn/package.json
216 verbose installManyTop reading scoped package data from /home/pablo/Downloads/1angular/iservifast/node_modules/json-schema/package.json
217 verbose installManyTop reading scoped package data from /home/pablo/Downloads/1angular/iservifast/node_modules/json-stringify-safe/package.json
218 verbose installManyTop reading scoped package data from /home/pablo/Downloads/1angular/iservifast/node_modules/json3/package.json
219 verbose installManyTop reading scoped package data from /home/pablo/Downloads/1angular/iservifast/node_modules/jsonpointer/package.json
220 verbose installManyTop reading scoped package data from /home/pablo/Downloads/1angular/iservifast/node_modules/jsprim/package.json
221 verbose installManyTop reading scoped package data from /home/pablo/Downloads/1angular/iservifast/node_modules/kind-of/package.json
222 verbose installManyTop reading scoped package data from /home/pablo/Downloads/1angular/iservifast/node_modules/lazy-cache/package.json
223 verbose installManyTop reading scoped package data from /home/pablo/Downloads/1angular/iservifast/node_modules/lcid/package.json
224 verbose installManyTop reading scoped package data from /home/pablo/Downloads/1angular/iservifast/node_modules/liftoff/package.json
225 verbose installManyTop reading scoped package data from /home/pablo/Downloads/1angular/iservifast/node_modules/load-json-file/package.json
226 verbose installManyTop reading scoped package data from /home/pablo/Downloads/1angular/iservifast/node_modules/lodash/package.json
227 verbose installManyTop reading scoped package data from /home/pablo/Downloads/1angular/iservifast/node_modules/lodash._basecopy/package.json
228 verbose installManyTop reading scoped package data from /home/pablo/Downloads/1angular/iservifast/node_modules/lodash._basetostring/package.json
229 verbose installManyTop reading scoped package data from /home/pablo/Downloads/1angular/iservifast/node_modules/lodash._basevalues/package.json
230 verbose installManyTop reading scoped package data from /home/pablo/Downloads/1angular/iservifast/node_modules/lodash._createpadding/package.json
231 verbose installManyTop reading scoped package data from /home/pablo/Downloads/1angular/iservifast/node_modules/lodash._escapehtmlchar/package.json
232 verbose installManyTop reading scoped package data from /home/pablo/Downloads/1angular/iservifast/node_modules/lodash._escapestringchar/package.json
233 verbose installManyTop reading scoped package data from /home/pablo/Downloads/1angular/iservifast/node_modules/lodash._getnative/package.json
234 verbose installManyTop reading scoped package data from /home/pablo/Downloads/1angular/iservifast/node_modules/lodash._htmlescapes/package.json
235 verbose installManyTop reading scoped package data from /home/pablo/Downloads/1angular/iservifast/node_modules/lodash._isiterateecall/package.json
236 verbose installManyTop reading scoped package data from /home/pablo/Downloads/1angular/iservifast/node_modules/lodash._isnative/package.json
237 verbose installManyTop reading scoped package data from /home/pablo/Downloads/1angular/iservifast/node_modules/lodash._objecttypes/package.json
238 verbose installManyTop reading scoped package data from /home/pablo/Downloads/1angular/iservifast/node_modules/lodash._reescape/package.json
239 verbose installManyTop reading scoped package data from /home/pablo/Downloads/1angular/iservifast/node_modules/lodash._reevaluate/package.json
240 verbose installManyTop reading scoped package data from /home/pablo/Downloads/1angular/iservifast/node_modules/lodash._reinterpolate/package.json
241 verbose installManyTop reading scoped package data from /home/pablo/Downloads/1angular/iservifast/node_modules/lodash._reunescapedhtml/package.json
242 verbose installManyTop reading scoped package data from /home/pablo/Downloads/1angular/iservifast/node_modules/lodash._shimkeys/package.json
243 verbose installManyTop reading scoped package data from /home/pablo/Downloads/1angular/iservifast/node_modules/lodash.defaults/package.json
244 verbose installManyTop reading scoped package data from /home/pablo/Downloads/1angular/iservifast/node_modules/lodash.escape/package.json
245 verbose installManyTop reading scoped package data from /home/pablo/Downloads/1angular/iservifast/node_modules/lodash.isarguments/package.json
246 verbose installManyTop reading scoped package data from /home/pablo/Downloads/1angular/iservifast/node_modules/lodash.isarray/package.json
247 verbose installManyTop reading scoped package data from /home/pablo/Downloads/1angular/iservifast/node_modules/lodash.isobject/package.json
248 verbose installManyTop reading scoped package data from /home/pablo/Downloads/1angular/iservifast/node_modules/lodash.keys/package.json
249 verbose installManyTop reading scoped package data from /home/pablo/Downloads/1angular/iservifast/node_modules/lodash.pad/package.json
250 verbose installManyTop reading scoped package data from /home/pablo/Downloads/1angular/iservifast/node_modules/lodash.padleft/package.json
251 verbose installManyTop reading scoped package data from /home/pablo/Downloads/1angular/iservifast/node_modules/lodash.padright/package.json
252 verbose installManyTop reading scoped package data from /home/pablo/Downloads/1angular/iservifast/node_modules/lodash.repeat/package.json
253 verbose installManyTop reading scoped package data from /home/pablo/Downloads/1angular/iservifast/node_modules/lodash.restparam/package.json
254 verbose installManyTop reading scoped package data from /home/pablo/Downloads/1angular/iservifast/node_modules/lodash.template/package.json
255 verbose installManyTop reading scoped package data from /home/pablo/Downloads/1angular/iservifast/node_modules/lodash.templatesettings/package.json
256 verbose installManyTop reading scoped package data from /home/pablo/Downloads/1angular/iservifast/node_modules/lodash.values/package.json
257 verbose installManyTop reading scoped package data from /home/pablo/Downloads/1angular/iservifast/node_modules/longest/package.json
258 verbose installManyTop reading scoped package data from /home/pablo/Downloads/1angular/iservifast/node_modules/loud-rejection/package.json
259 verbose installManyTop reading scoped package data from /home/pablo/Downloads/1angular/iservifast/node_modules/lru-cache/package.json
260 verbose installManyTop reading scoped package data from /home/pablo/Downloads/1angular/iservifast/node_modules/map-obj/package.json
261 verbose installManyTop reading scoped package data from /home/pablo/Downloads/1angular/iservifast/node_modules/map-stream/package.json
262 verbose installManyTop reading scoped package data from /home/pablo/Downloads/1angular/iservifast/node_modules/meow/package.json
263 verbose installManyTop reading scoped package data from /home/pablo/Downloads/1angular/iservifast/node_modules/merge/package.json
264 verbose installManyTop reading scoped package data from /home/pablo/Downloads/1angular/iservifast/node_modules/merge-stream/package.json
265 verbose installManyTop reading scoped package data from /home/pablo/Downloads/1angular/iservifast/node_modules/micromatch/package.json
266 verbose installManyTop reading scoped package data from /home/pablo/Downloads/1angular/iservifast/node_modules/mime/package.json
267 verbose installManyTop reading scoped package data from /home/pablo/Downloads/1angular/iservifast/node_modules/mime-db/package.json
268 verbose installManyTop reading scoped package data from /home/pablo/Downloads/1angular/iservifast/node_modules/mime-types/package.json
269 verbose installManyTop reading scoped package data from /home/pablo/Downloads/1angular/iservifast/node_modules/minimatch/package.json
270 verbose installManyTop reading scoped package data from /home/pablo/Downloads/1angular/iservifast/node_modules/minimist/package.json
271 verbose installManyTop reading scoped package data from /home/pablo/Downloads/1angular/iservifast/node_modules/mkdirp/package.json
272 verbose installManyTop reading scoped package data from /home/pablo/Downloads/1angular/iservifast/node_modules/mout/package.json
273 verbose installManyTop reading scoped package data from /home/pablo/Downloads/1angular/iservifast/node_modules/ms/package.json
274 verbose installManyTop reading scoped package data from /home/pablo/Downloads/1angular/iservifast/node_modules/multipipe/package.json
275 verbose installManyTop reading scoped package data from /home/pablo/Downloads/1angular/iservifast/node_modules/nan/package.json
276 verbose installManyTop reading scoped package data from /home/pablo/Downloads/1angular/iservifast/node_modules/negotiator/package.json
277 verbose installManyTop reading scoped package data from /home/pablo/Downloads/1angular/iservifast/node_modules/ng-annotate/package.json
278 verbose installManyTop reading scoped package data from /home/pablo/Downloads/1angular/iservifast/node_modules/node-gyp/package.json
279 verbose installManyTop reading scoped package data from /home/pablo/Downloads/1angular/iservifast/node_modules/node-sass/package.json
280 verbose installManyTop reading scoped package data from /home/pablo/Downloads/1angular/iservifast/node_modules/node-useref/package.json
281 verbose installManyTop reading scoped package data from /home/pablo/Downloads/1angular/iservifast/node_modules/node-uuid/package.json
282 verbose installManyTop reading scoped package data from /home/pablo/Downloads/1angular/iservifast/node_modules/node-watch/package.json
283 verbose installManyTop reading scoped package data from /home/pablo/Downloads/1angular/iservifast/node_modules/node.extend/package.json
284 verbose installManyTop reading scoped package data from /home/pablo/Downloads/1angular/iservifast/node_modules/nopt/package.json
285 verbose installManyTop reading scoped package data from /home/pablo/Downloads/1angular/iservifast/node_modules/normalize-package-data/package.json
286 verbose installManyTop reading scoped package data from /home/pablo/Downloads/1angular/iservifast/node_modules/normalize-path/package.json
287 verbose installManyTop reading scoped package data from /home/pablo/Downloads/1angular/iservifast/node_modules/normalize-range/package.json
288 verbose installManyTop reading scoped package data from /home/pablo/Downloads/1angular/iservifast/node_modules/npmconf/package.json
289 verbose installManyTop reading scoped package data from /home/pablo/Downloads/1angular/iservifast/node_modules/npmlog/package.json
290 verbose installManyTop reading scoped package data from /home/pablo/Downloads/1angular/iservifast/node_modules/num2fraction/package.json
291 verbose installManyTop reading scoped package data from /home/pablo/Downloads/1angular/iservifast/node_modules/number-is-nan/package.json
292 verbose installManyTop reading scoped package data from /home/pablo/Downloads/1angular/iservifast/node_modules/oauth-sign/package.json
293 verbose installManyTop reading scoped package data from /home/pablo/Downloads/1angular/iservifast/node_modules/object-assign/package.json
294 verbose installManyTop reading scoped package data from /home/pablo/Downloads/1angular/iservifast/node_modules/object-component/package.json
295 verbose installManyTop reading scoped package data from /home/pablo/Downloads/1angular/iservifast/node_modules/object-keys/package.json
296 verbose installManyTop reading scoped package data from /home/pablo/Downloads/1angular/iservifast/node_modules/object.omit/package.json
297 verbose installManyTop reading scoped package data from /home/pablo/Downloads/1angular/iservifast/node_modules/on-finished/package.json
298 verbose installManyTop reading scoped package data from /home/pablo/Downloads/1angular/iservifast/node_modules/once/package.json
299 verbose installManyTop reading scoped package data from /home/pablo/Downloads/1angular/iservifast/node_modules/open/package.json
300 verbose installManyTop reading scoped package data from /home/pablo/Downloads/1angular/iservifast/node_modules/optimist/package.json
301 verbose installManyTop reading scoped package data from /home/pablo/Downloads/1angular/iservifast/node_modules/options/package.json
302 verbose installManyTop reading scoped package data from /home/pablo/Downloads/1angular/iservifast/node_modules/orchestrator/package.json
303 verbose installManyTop reading scoped package data from /home/pablo/Downloads/1angular/iservifast/node_modules/ordered-ast-traverse/package.json
304 verbose installManyTop reading scoped package data from /home/pablo/Downloads/1angular/iservifast/node_modules/ordered-esprima-props/package.json
305 verbose installManyTop reading scoped package data from /home/pablo/Downloads/1angular/iservifast/node_modules/ordered-read-streams/package.json
306 verbose installManyTop reading scoped package data from /home/pablo/Downloads/1angular/iservifast/node_modules/os-homedir/package.json
307 verbose installManyTop reading scoped package data from /home/pablo/Downloads/1angular/iservifast/node_modules/os-locale/package.json
308 verbose installManyTop reading scoped package data from /home/pablo/Downloads/1angular/iservifast/node_modules/os-shim/package.json
309 verbose installManyTop reading scoped package data from /home/pablo/Downloads/1angular/iservifast/node_modules/os-tmpdir/package.json
310 verbose installManyTop reading scoped package data from /home/pablo/Downloads/1angular/iservifast/node_modules/osenv/package.json
311 verbose installManyTop reading scoped package data from /home/pablo/Downloads/1angular/iservifast/node_modules/parse-glob/package.json
312 verbose installManyTop reading scoped package data from /home/pablo/Downloads/1angular/iservifast/node_modules/parse-json/package.json
313 verbose installManyTop reading scoped package data from /home/pablo/Downloads/1angular/iservifast/node_modules/parsejson/package.json
314 verbose installManyTop reading scoped package data from /home/pablo/Downloads/1angular/iservifast/node_modules/parseqs/package.json
315 verbose installManyTop reading scoped package data from /home/pablo/Downloads/1angular/iservifast/node_modules/parseuri/package.json
316 verbose installManyTop reading scoped package data from /home/pablo/Downloads/1angular/iservifast/node_modules/parseurl/package.json
317 verbose installManyTop reading scoped package data from /home/pablo/Downloads/1angular/iservifast/node_modules/path-array/package.json
318 verbose installManyTop reading scoped package data from /home/pablo/Downloads/1angular/iservifast/node_modules/path-exists/package.json
319 verbose installManyTop reading scoped package data from /home/pablo/Downloads/1angular/iservifast/node_modules/path-is-absolute/package.json
320 verbose installManyTop reading scoped package data from /home/pablo/Downloads/1angular/iservifast/node_modules/path-is-inside/package.json
321 verbose installManyTop reading scoped package data from /home/pablo/Downloads/1angular/iservifast/node_modules/path-type/package.json
322 verbose installManyTop reading scoped package data from /home/pablo/Downloads/1angular/iservifast/node_modules/pause-stream/package.json
323 verbose installManyTop reading scoped package data from /home/pablo/Downloads/1angular/iservifast/node_modules/pify/package.json
324 verbose installManyTop reading scoped package data from /home/pablo/Downloads/1angular/iservifast/node_modules/pinkie/package.json
325 verbose installManyTop reading scoped package data from /home/pablo/Downloads/1angular/iservifast/node_modules/pinkie-promise/package.json
326 verbose installManyTop reading scoped package data from /home/pablo/Downloads/1angular/iservifast/node_modules/postcss/package.json
327 verbose installManyTop reading scoped package data from /home/pablo/Downloads/1angular/iservifast/node_modules/postcss-value-parser/package.json
328 verbose installManyTop reading scoped package data from /home/pablo/Downloads/1angular/iservifast/node_modules/preserve/package.json
329 verbose installManyTop reading scoped package data from /home/pablo/Downloads/1angular/iservifast/node_modules/pretty-hrtime/package.json
330 verbose installManyTop reading scoped package data from /home/pablo/Downloads/1angular/iservifast/node_modules/process-nextick-args/package.json
331 verbose installManyTop reading scoped package data from /home/pablo/Downloads/1angular/iservifast/node_modules/propprop/package.json
332 verbose installManyTop reading scoped package data from /home/pablo/Downloads/1angular/iservifast/node_modules/proto-list/package.json
333 verbose installManyTop reading scoped package data from /home/pablo/Downloads/1angular/iservifast/node_modules/proxy-middleware/package.json
334 verbose installManyTop reading scoped package data from /home/pablo/Downloads/1angular/iservifast/node_modules/pseudomap/package.json
335 verbose installManyTop reading scoped package data from /home/pablo/Downloads/1angular/iservifast/node_modules/qs/package.json
336 verbose installManyTop reading scoped package data from /home/pablo/Downloads/1angular/iservifast/node_modules/randomatic/package.json
337 verbose installManyTop reading scoped package data from /home/pablo/Downloads/1angular/iservifast/node_modules/range-parser/package.json
338 verbose installManyTop reading scoped package data from /home/pablo/Downloads/1angular/iservifast/node_modules/read-pkg/package.json
339 verbose installManyTop reading scoped package data from /home/pablo/Downloads/1angular/iservifast/node_modules/read-pkg-up/package.json
340 verbose installManyTop reading scoped package data from /home/pablo/Downloads/1angular/iservifast/node_modules/readable-stream/package.json
341 verbose installManyTop reading scoped package data from /home/pablo/Downloads/1angular/iservifast/node_modules/rechoir/package.json
342 verbose installManyTop reading scoped package data from /home/pablo/Downloads/1angular/iservifast/node_modules/redent/package.json
343 verbose installManyTop reading scoped package data from /home/pablo/Downloads/1angular/iservifast/node_modules/regex-cache/package.json
344 verbose installManyTop reading scoped package data from /home/pablo/Downloads/1angular/iservifast/node_modules/repeat-element/package.json
345 verbose installManyTop reading scoped package data from /home/pablo/Downloads/1angular/iservifast/node_modules/repeat-string/package.json
346 verbose installManyTop reading scoped package data from /home/pablo/Downloads/1angular/iservifast/node_modules/repeating/package.json
347 verbose installManyTop reading scoped package data from /home/pablo/Downloads/1angular/iservifast/node_modules/replace-ext/package.json
348 verbose installManyTop reading scoped package data from /home/pablo/Downloads/1angular/iservifast/node_modules/request/package.json
349 verbose installManyTop reading scoped package data from /home/pablo/Downloads/1angular/iservifast/node_modules/resolve/package.json
350 verbose installManyTop reading scoped package data from /home/pablo/Downloads/1angular/iservifast/node_modules/right-align/package.json
351 verbose installManyTop reading scoped package data from /home/pablo/Downloads/1angular/iservifast/node_modules/rimraf/package.json
352 verbose installManyTop reading scoped package data from /home/pablo/Downloads/1angular/iservifast/node_modules/sass-graph/package.json
353 verbose installManyTop reading scoped package data from /home/pablo/Downloads/1angular/iservifast/node_modules/semver/package.json
354 verbose installManyTop reading scoped package data from /home/pablo/Downloads/1angular/iservifast/node_modules/semver-utils/package.json
355 verbose installManyTop reading scoped package data from /home/pablo/Downloads/1angular/iservifast/node_modules/send/package.json
356 verbose installManyTop reading scoped package data from /home/pablo/Downloads/1angular/iservifast/node_modules/sequencify/package.json
357 verbose installManyTop reading scoped package data from /home/pablo/Downloads/1angular/iservifast/node_modules/serve-index/package.json
358 verbose installManyTop reading scoped package data from /home/pablo/Downloads/1angular/iservifast/node_modules/serve-static/package.json
359 verbose installManyTop reading scoped package data from /home/pablo/Downloads/1angular/iservifast/node_modules/sigmund/package.json
360 verbose installManyTop reading scoped package data from /home/pablo/Downloads/1angular/iservifast/node_modules/signal-exit/package.json
361 verbose installManyTop reading scoped package data from /home/pablo/Downloads/1angular/iservifast/node_modules/simple-fmt/package.json
362 verbose installManyTop reading scoped package data from /home/pablo/Downloads/1angular/iservifast/node_modules/simple-is/package.json
363 verbose installManyTop reading scoped package data from /home/pablo/Downloads/1angular/iservifast/node_modules/sntp/package.json
364 verbose installManyTop reading scoped package data from /home/pablo/Downloads/1angular/iservifast/node_modules/socket.io/package.json
365 verbose installManyTop reading scoped package data from /home/pablo/Downloads/1angular/iservifast/node_modules/socket.io-adapter/package.json
366 verbose installManyTop reading scoped package data from /home/pablo/Downloads/1angular/iservifast/node_modules/socket.io-client/package.json
367 verbose installManyTop reading scoped package data from /home/pablo/Downloads/1angular/iservifast/node_modules/socket.io-parser/package.json
368 verbose installManyTop reading scoped package data from /home/pablo/Downloads/1angular/iservifast/node_modules/source-map/package.json
369 verbose installManyTop reading scoped package data from /home/pablo/Downloads/1angular/iservifast/node_modules/sparkles/package.json
370 verbose installManyTop reading scoped package data from /home/pablo/Downloads/1angular/iservifast/node_modules/spawn-sync/package.json
371 verbose installManyTop reading scoped package data from /home/pablo/Downloads/1angular/iservifast/node_modules/spdx-correct/package.json
372 verbose installManyTop reading scoped package data from /home/pablo/Downloads/1angular/iservifast/node_modules/spdx-exceptions/package.json
373 verbose installManyTop reading scoped package data from /home/pablo/Downloads/1angular/iservifast/node_modules/spdx-expression-parse/package.json
374 verbose installManyTop reading scoped package data from /home/pablo/Downloads/1angular/iservifast/node_modules/spdx-license-ids/package.json
375 verbose installManyTop reading scoped package data from /home/pablo/Downloads/1angular/iservifast/node_modules/split/package.json
376 verbose installManyTop reading scoped package data from /home/pablo/Downloads/1angular/iservifast/node_modules/sshpk/package.json
377 verbose installManyTop reading scoped package data from /home/pablo/Downloads/1angular/iservifast/node_modules/stable/package.json
378 verbose installManyTop reading scoped package data from /home/pablo/Downloads/1angular/iservifast/node_modules/stream-combiner/package.json
379 verbose installManyTop reading scoped package data from /home/pablo/Downloads/1angular/iservifast/node_modules/stream-consume/package.json
380 verbose installManyTop reading scoped package data from /home/pablo/Downloads/1angular/iservifast/node_modules/string-width/package.json
381 verbose installManyTop reading scoped package data from /home/pablo/Downloads/1angular/iservifast/node_modules/string_decoder/package.json
382 verbose installManyTop reading scoped package data from /home/pablo/Downloads/1angular/iservifast/node_modules/stringmap/package.json
383 verbose installManyTop reading scoped package data from /home/pablo/Downloads/1angular/iservifast/node_modules/stringset/package.json
384 verbose installManyTop reading scoped package data from /home/pablo/Downloads/1angular/iservifast/node_modules/stringstream/package.json
385 verbose installManyTop reading scoped package data from /home/pablo/Downloads/1angular/iservifast/node_modules/strip-ansi/package.json
386 verbose installManyTop reading scoped package data from /home/pablo/Downloads/1angular/iservifast/node_modules/strip-bom/package.json
387 verbose installManyTop reading scoped package data from /home/pablo/Downloads/1angular/iservifast/node_modules/strip-bom-stream/package.json
388 verbose installManyTop reading scoped package data from /home/pablo/Downloads/1angular/iservifast/node_modules/strip-indent/package.json
389 verbose installManyTop reading scoped package data from /home/pablo/Downloads/1angular/iservifast/node_modules/success-symbol/package.json
390 verbose installManyTop reading scoped package data from /home/pablo/Downloads/1angular/iservifast/node_modules/supports-color/package.json
391 verbose installManyTop reading scoped package data from /home/pablo/Downloads/1angular/iservifast/node_modules/tar/package.json
392 verbose installManyTop reading scoped package data from /home/pablo/Downloads/1angular/iservifast/node_modules/ternary-stream/package.json
393 verbose installManyTop reading scoped package data from /home/pablo/Downloads/1angular/iservifast/node_modules/through/package.json
394 verbose installManyTop reading scoped package data from /home/pablo/Downloads/1angular/iservifast/node_modules/through2/package.json
395 verbose installManyTop reading scoped package data from /home/pablo/Downloads/1angular/iservifast/node_modules/through2-filter/package.json
396 verbose installManyTop reading scoped package data from /home/pablo/Downloads/1angular/iservifast/node_modules/tildify/package.json
397 verbose installManyTop reading scoped package data from /home/pablo/Downloads/1angular/iservifast/node_modules/tinycolor/package.json
398 verbose installManyTop reading scoped package data from /home/pablo/Downloads/1angular/iservifast/node_modules/to-absolute-glob/package.json
399 verbose installManyTop reading scoped package data from /home/pablo/Downloads/1angular/iservifast/node_modules/to-array/package.json
400 verbose installManyTop reading scoped package data from /home/pablo/Downloads/1angular/iservifast/node_modules/tough-cookie/package.json
401 verbose installManyTop reading scoped package data from /home/pablo/Downloads/1angular/iservifast/node_modules/trim-newlines/package.json
402 verbose installManyTop reading scoped package data from /home/pablo/Downloads/1angular/iservifast/node_modules/tryor/package.json
403 verbose installManyTop reading scoped package data from /home/pablo/Downloads/1angular/iservifast/node_modules/tunnel-agent/package.json
404 verbose installManyTop reading scoped package data from /home/pablo/Downloads/1angular/iservifast/node_modules/tweetnacl/package.json
405 verbose installManyTop reading scoped package data from /home/pablo/Downloads/1angular/iservifast/node_modules/typedarray/package.json
406 verbose installManyTop reading scoped package data from /home/pablo/Downloads/1angular/iservifast/node_modules/uglify-js/package.json
407 verbose installManyTop reading scoped package data from /home/pablo/Downloads/1angular/iservifast/node_modules/uglify-save-license/package.json
408 verbose installManyTop reading scoped package data from /home/pablo/Downloads/1angular/iservifast/node_modules/uglify-to-browserify/package.json
409 verbose installManyTop reading scoped package data from /home/pablo/Downloads/1angular/iservifast/node_modules/uid-number/package.json
410 verbose installManyTop reading scoped package data from /home/pablo/Downloads/1angular/iservifast/node_modules/unique-stream/package.json
411 verbose installManyTop reading scoped package data from /home/pablo/Downloads/1angular/iservifast/node_modules/user-home/package.json
412 verbose installManyTop reading scoped package data from /home/pablo/Downloads/1angular/iservifast/node_modules/utf8/package.json
413 verbose installManyTop reading scoped package data from /home/pablo/Downloads/1angular/iservifast/node_modules/util-deprecate/package.json
414 verbose installManyTop reading scoped package data from /home/pablo/Downloads/1angular/iservifast/node_modules/utils-merge/package.json
415 verbose installManyTop reading scoped package data from /home/pablo/Downloads/1angular/iservifast/node_modules/v8flags/package.json
416 verbose installManyTop reading scoped package data from /home/pablo/Downloads/1angular/iservifast/node_modules/validate-npm-package-license/package.json
417 verbose installManyTop reading scoped package data from /home/pablo/Downloads/1angular/iservifast/node_modules/verror/package.json
418 verbose installManyTop reading scoped package data from /home/pablo/Downloads/1angular/iservifast/node_modules/vinyl/package.json
419 verbose installManyTop reading scoped package data from /home/pablo/Downloads/1angular/iservifast/node_modules/vinyl-bufferstream/package.json
420 verbose installManyTop reading scoped package data from /home/pablo/Downloads/1angular/iservifast/node_modules/vinyl-fs/package.json
421 verbose installManyTop reading scoped package data from /home/pablo/Downloads/1angular/iservifast/node_modules/vinyl-sourcemaps-apply/package.json
422 verbose installManyTop reading scoped package data from /home/pablo/Downloads/1angular/iservifast/node_modules/walk/package.json
423 verbose installManyTop reading scoped package data from /home/pablo/Downloads/1angular/iservifast/node_modules/which/package.json
424 verbose installManyTop reading scoped package data from /home/pablo/Downloads/1angular/iservifast/node_modules/window-size/package.json
425 verbose installManyTop reading scoped package data from /home/pablo/Downloads/1angular/iservifast/node_modules/wiredep/package.json
426 verbose installManyTop reading scoped package data from /home/pablo/Downloads/1angular/iservifast/node_modules/wordwrap/package.json
427 verbose installManyTop reading scoped package data from /home/pablo/Downloads/1angular/iservifast/node_modules/wrap-ansi/package.json
428 verbose installManyTop reading scoped package data from /home/pablo/Downloads/1angular/iservifast/node_modules/wrappy/package.json
429 verbose installManyTop reading scoped package data from /home/pablo/Downloads/1angular/iservifast/node_modules/ws/package.json
430 verbose installManyTop reading scoped package data from /home/pablo/Downloads/1angular/iservifast/node_modules/xmlhttprequest/package.json
431 verbose installManyTop reading scoped package data from /home/pablo/Downloads/1angular/iservifast/node_modules/xtend/package.json
432 verbose installManyTop reading scoped package data from /home/pablo/Downloads/1angular/iservifast/node_modules/y18n/package.json
433 verbose installManyTop reading scoped package data from /home/pablo/Downloads/1angular/iservifast/node_modules/yargs/package.json
434 info package.json async-foreach@0.1.3 No license field.
435 info package.json duplexer@0.1.1 No license field.
436 info package.json emitter@1.0.1 No repository field.
437 info package.json emitter@1.0.1 No license field.
438 info package.json fork-stream@0.0.4 license should be a valid SPDX license expression
439 info package.json globule@0.1.0 No license field.
440 info package.json json-schema@0.2.2 No license field.
441 info package.json object-component@0.0.3 No repository field.
442 info package.json object-component@0.0.3 No license field.
443 info package.json parsejson@0.0.1 No repository field.
444 info package.json parsejson@0.0.1 No README data
445 info package.json parseqs@0.0.2 No repository field.
446 info package.json parseqs@0.0.2 No README data
447 info package.json parseuri@0.0.2 No repository field.
448 info package.json parseuri@0.0.2 No README data
449 info package.json pause-stream@0.0.11 license should be a valid SPDX license expression
450 info package.json sequencify@0.0.7 No license field.
451 info package.json to-array@0.1.3 No license field.
452 info package.json xmlhttprequest@1.5.0 No license field.
453 info package.json after@0.8.1 No license field.
454 info package.json ansi@0.3.0 No license field.
455 info package.json ansi-wrap@0.1.0 license should be a valid SPDX license expression
456 info package.json arr-flatten@1.0.1 license should be a valid SPDX license expression
457 info package.json array-index@0.1.1 No license field.
458 info package.json array-unique@0.2.1 license should be a valid SPDX license expression
459 info package.json arraybuffer.slice@0.0.6 No license field.
460 info package.json assert-plus@0.1.5 No license field.
461 info package.json base64-arraybuffer@0.1.2 No license field.
462 info package.json base64id@0.1.0 No license field.
463 info package.json batch@0.5.1 No license field.
464 info package.json better-assert@1.0.2 No license field.
465 info package.json blob@0.0.2 No license field.
466 info package.json bower-config@0.5.2 No license field.
467 info package.json bufferstreams@1.0.1 No license field.
468 info package.json callsite@1.0.0 No repository field.
469 info package.json callsite@1.0.0 No license field.
470 info package.json component-bind@1.0.0 No license field.
471 info package.json component-emitter@1.1.2 No license field.
472 info package.json component-inherit@0.0.3 No license field.
473 info package.json config-chain@1.1.9 No license field.
474 info package.json connect-inject@0.3.2 No license field.
475 info package.json deprecated@0.0.1 No license field.
476 info package.json duplexer2@0.0.2 license should be a valid SPDX license expression
477 info package.json engine.io@1.3.1 No license field.
478 info package.json engine.io-client@1.3.1 No license field.
479 info package.json engine.io-parser@1.0.6 No license field.
480 info package.json escape-html@1.0.1 No license field.
481 info package.json expand-range@1.8.1 license should be a valid SPDX license expression
482 info package.json extsprintf@1.0.2 No license field.
483 info package.json filename-regex@2.0.0 license should be a valid SPDX license expression
484 info package.json findup-sync@0.3.0 No license field.
485 info package.json flagged-respawn@0.3.1 No license field.
486 info package.json for-in@0.1.4 license should be a valid SPDX license expression
487 info package.json for-own@0.1.3 license should be a valid SPDX license expression
488 info package.json foreachasync@3.0.0 license should be a valid SPDX license expression
489 info package.json fresh@0.2.2 No license field.
490 info package.json gaze@0.5.2 No license field.
491 info package.json glob-base@0.3.0 license should be a valid SPDX license expression
492 info package.json glob-stream@3.1.18 No license field.
493 info package.json glob-watcher@0.0.6 No license field.
494 info package.json glob2base@0.0.12 No license field.
495 info package.json gulp-clean@0.3.1 No license field.
496 info package.json gulp-inject@3.0.0 No license field.
497 info package.json has-binary-data@0.1.1 No repository field.
498 info package.json indexof@0.0.1 No repository field.
499 info package.json indexof@0.0.1 No license field.
500 info package.json is@0.3.0 No license field.
501 info package.json is-absolute@0.1.7 license should be a valid SPDX license expression
502 info package.json is-primitive@2.0.0 license should be a valid SPDX license expression
503 info package.json is-relative@0.1.3 No license field.
504 info package.json js-base64@2.1.9 license should be a valid SPDX license expression
505 info package.json jsbn@0.1.0 license should be a valid SPDX license expression
506 info package.json json3@3.2.6 No license field.
507 info package.json longest@1.0.1 license should be a valid SPDX license expression
508 info package.json map-stream@0.1.0 No license field.
509 info package.json mime@1.2.11 No license field.
510 info package.json mout@0.9.1 No license field.
511 info package.json ms@0.7.1 No license field.
512 info package.json node-uuid@1.4.7 No license field.
513 info package.json node.extend@1.0.10 No license field.
514 info package.json optimist@0.6.1 license should be a valid SPDX license expression
515 info package.json options@0.0.6 No license field.
516 info package.json orchestrator@0.3.7 No license field.
517 info package.json os-shim@0.1.3 No license field.
518 info package.json preserve@0.2.0 license should be a valid SPDX license expression
519 info package.json propprop@0.3.0 No license field.
520 info package.json rechoir@0.6.2 No license field.
521 info package.json regex-cache@0.4.2 license should be a valid SPDX license expression
522 info package.json repeat-element@1.1.2 license should be a valid SPDX license expression
523 info package.json repeat-string@1.5.2 license should be a valid SPDX license expression
524 info package.json replace-ext@0.0.1 No license field.
525 info package.json semver-utils@1.1.1 license should be a valid SPDX license expression
526 info package.json socket.io@1.0.6 No license field.
527 info package.json sntp@1.0.9 No license field.
528 info package.json socket.io-adapter@0.2.0 No repository field.
529 info package.json socket.io-adapter@0.2.0 No license field.
530 info package.json socket.io-parser@2.2.0 No license field.
531 info package.json string_decoder@0.10.31 string_decoder is also the name of a node core module.
532 info package.json tinycolor@0.0.1 No license field.
533 info package.json uglify-save-license@0.4.1 No license field.
534 info package.json unique-stream@1.0.0 license should be a valid SPDX license expression
535 info package.json utf8@2.0.0 No license field.
536 info package.json utils-merge@1.0.0 No license field.
537 info package.json v8flags@2.0.11 No license field.
538 info package.json verror@1.3.6 No license field.
539 info package.json vinyl-bufferstream@1.0.1 No license field.
540 info package.json vinyl-fs@0.3.14 No license field.
541 info package.json walk@2.3.3 No license field.
542 info package.json ws@0.4.31 No license field.
543 verbose readDependencies loading dependencies from /home/pablo/Downloads/1angular/iservifast/package.json
544 silly cache add args [ 'lodash@3.8.0', null ]
545 verbose cache add spec lodash@3.8.0
546 silly cache add parsed spec Result {
546 silly cache add   raw: 'lodash@3.8.0',
546 silly cache add   scope: null,
546 silly cache add   name: 'lodash',
546 silly cache add   rawSpec: '3.8.0',
546 silly cache add   spec: '3.8.0',
546 silly cache add   type: 'version' }
547 silly addNamed lodash@3.8.0
548 verbose addNamed "3.8.0" is a plain semver version for lodash
549 silly mapToRegistry name lodash
550 silly mapToRegistry using default registry
551 silly mapToRegistry registry https://registry.npmjs.org/
552 silly mapToRegistry uri https://registry.npmjs.org/lodash
553 verbose addNameVersion registry:https://registry.npmjs.org/lodash not in flight; fetching
554 verbose request uri https://registry.npmjs.org/lodash
555 verbose request no auth needed
556 info attempt registry request try #1 at 5:02:18 PM
557 verbose request id 368e4604ed88b647
558 verbose etag "EPQ28CAQILQ6CAU2HE2U1ROCI"
559 http request GET https://registry.npmjs.org/lodash
560 http 304 https://registry.npmjs.org/lodash
561 verbose headers { date: 'Sun, 17 Jan 2016 20:02:19 GMT',
561 verbose headers   via: '1.1 varnish',
561 verbose headers   'cache-control': 'max-age=300',
561 verbose headers   etag: '"EPQ28CAQILQ6CAU2HE2U1ROCI"',
561 verbose headers   age: '289',
561 verbose headers   connection: 'keep-alive',
561 verbose headers   'x-served-by': 'cache-jfk1036-JFK',
561 verbose headers   'x-cache': 'HIT',
561 verbose headers   'x-cache-hits': '89',
561 verbose headers   'x-timer': 'S1453060939.342440,VS0,VE0',
561 verbose headers   vary: 'Accept' }
562 silly get cb [ 304,
562 silly get   { date: 'Sun, 17 Jan 2016 20:02:19 GMT',
562 silly get     via: '1.1 varnish',
562 silly get     'cache-control': 'max-age=300',
562 silly get     etag: '"EPQ28CAQILQ6CAU2HE2U1ROCI"',
562 silly get     age: '289',
562 silly get     connection: 'keep-alive',
562 silly get     'x-served-by': 'cache-jfk1036-JFK',
562 silly get     'x-cache': 'HIT',
562 silly get     'x-cache-hits': '89',
562 silly get     'x-timer': 'S1453060939.342440,VS0,VE0',
562 silly get     vary: 'Accept' } ]
563 verbose etag https://registry.npmjs.org/lodash from cache
564 verbose get saving lodash to /home/pablo/.npm/registry.npmjs.org/lodash/.cache.json
565 silly mapToRegistry name lodash
566 silly mapToRegistry using default registry
567 silly mapToRegistry registry https://registry.npmjs.org/
568 silly mapToRegistry uri https://registry.npmjs.org/lodash
569 verbose addRemoteTarball https://registry.npmjs.org/lodash/-/lodash-3.8.0.tgz not in flight; adding
570 verbose addRemoteTarball [ 'https://registry.npmjs.org/lodash/-/lodash-3.8.0.tgz',
570 verbose addRemoteTarball   '376eb98bdcd9382a9365c33c4cb8250de1325b91' ]
571 info retry fetch attempt 1 at 5:02:19 PM
572 info attempt registry request try #1 at 5:02:19 PM
573 http fetch GET https://registry.npmjs.org/lodash/-/lodash-3.8.0.tgz
574 http fetch 200 https://registry.npmjs.org/lodash/-/lodash-3.8.0.tgz
575 silly fetchAndShaCheck shasum 376eb98bdcd9382a9365c33c4cb8250de1325b91
576 verbose addTmpTarball /tmp/npm-15335-e3e846e9/registry.npmjs.org/lodash/-/lodash-3.8.0.tgz not in flight; adding
577 verbose addTmpTarball already have metadata; skipping unpack for lodash@3.8.0
578 verbose stack Error: EACCES: permission denied, mkdir '/home/pablo/.npm/lodash/3.8.0'
578 verbose stack     at Error (native)
579 verbose cwd /home/pablo/Downloads/1angular/iservifast
580 error Linux 3.13.0-68-generic
581 error argv "/usr/bin/nodejs" "/usr/bin/npm" "install" "lodash@3.8.0"
582 error node v4.2.2
583 error npm  v2.14.7
584 error path /home/pablo/.npm/lodash/3.8.0
585 error code EACCES
586 error errno -13
587 error syscall mkdir
588 error Error: EACCES: permission denied, mkdir '/home/pablo/.npm/lodash/3.8.0'
588 error     at Error (native)
588 error  { [Error: EACCES: permission denied, mkdir '/home/pablo/.npm/lodash/3.8.0']
588 error   errno: -13,
588 error   code: 'EACCES',
588 error   syscall: 'mkdir',
588 error   path: '/home/pablo/.npm/lodash/3.8.0',
588 error   parent: 'test1' }
589 error Please try running this command again as root/Administrator.
590 verbose exit [ -13, true ]
